[debug] [2021-04-21T13:07:33.030Z] ----------------------------------------------------------------------
[debug] [2021-04-21T13:07:33.031Z] Command:       /usr/local/bin/node /usr/local/bin/firebase emulators:start
[debug] [2021-04-21T13:07:33.031Z] CLI Version:   9.9.0
[debug] [2021-04-21T13:07:33.032Z] Platform:      darwin
[debug] [2021-04-21T13:07:33.032Z] Node Version:  v14.16.0
[debug] [2021-04-21T13:07:33.032Z] Time:          Wed Apr 21 2021 21:07:33 GMT+0800 (China Standard Time)
[debug] [2021-04-21T13:07:33.032Z] ----------------------------------------------------------------------
[debug] 
[debug] [2021-04-21T13:07:33.039Z] > command requires scopes: ["email","openid","https://www.googleapis.com/auth/cloudplatformprojects.readonly","https://www.googleapis.com/auth/firebase","https://www.googleapis.com/auth/cloud-platform"]
[debug] [2021-04-21T13:07:33.039Z] > authorizing via signed-in user (jipengsun1997@gmail.com)
[info] i  emulators: Starting emulators: database, hosting {"metadata":{"emulator":{"name":"hub"},"message":"Starting emulators: database, hosting"}}
[debug] [2021-04-21T13:07:33.057Z] [hub] writing locator at /var/folders/04/x__0y76s1vd7_tjgq64bshr40000gn/T/hub-coursescheduler-faaa2.json
[debug] [2021-04-21T13:07:33.079Z] > refreshing access token with scopes: []
[debug] [2021-04-21T13:07:33.080Z] >>> HTTP REQUEST POST https://www.googleapis.com/oauth2/v3/token  
 <request body omitted>
[debug] [2021-04-21T13:07:34.312Z] <<< HTTP RESPONSE 200 {"date":"Wed, 21 Apr 2021 13:07:34 GMT","pragma":"no-cache","expires":"Mon, 01 Jan 1990 00:00:00 GMT","cache-control":"no-cache, no-store, max-age=0, must-revalidate","content-type":"application/json; charset=utf-8","vary":"X-Origin, Referer, Origin,Accept-Encoding","server":"scaffolding on HTTPServer2","x-xss-protection":"0","x-frame-options":"SAMEORIGIN","x-content-type-options":"nosniff","alt-svc":"h3-29=\":443\"; ma=2592000,h3-T051=\":443\"; ma=2592000,h3-Q050=\":443\"; ma=2592000,h3-Q046=\":443\"; ma=2592000,h3-Q043=\":443\"; ma=2592000,quic=\":443\"; ma=2592000; v=\"46,43\"","accept-ranges":"none","transfer-encoding":"chunked"}
[debug] [2021-04-21T13:07:34.369Z] >>> [apiv2][query] GET https://firebase.googleapis.com/v1beta1/projects/coursescheduler-faaa2 [none]
[debug] [2021-04-21T13:07:35.728Z] <<< [apiv2][status] GET https://firebase.googleapis.com/v1beta1/projects/coursescheduler-faaa2 200
[debug] [2021-04-21T13:07:35.729Z] <<< [apiv2][body] GET https://firebase.googleapis.com/v1beta1/projects/coursescheduler-faaa2 {"projectId":"coursescheduler-faaa2","projectNumber":"751974336378","displayName":"CourseScheduler","name":"projects/coursescheduler-faaa2","resources":{"hostingSite":"coursescheduler-faaa2","realtimeDatabaseInstance":"coursescheduler-faaa2-default-rtdb"},"state":"ACTIVE"}
[debug] [2021-04-21T13:07:35.729Z] database rules config:  [{"instance":"coursescheduler-faaa2-default-rtdb","rules":"/Users/Jipeng/VSCodeProjects/scheduler/database.rules.json"}]
[info] i  database: downloading firebase-database-emulator-v4.7.2.jar... {"metadata":{"emulator":{"name":"database"},"message":"downloading firebase-database-emulator-v4.7.2.jar..."}}
[debug] [2021-04-21T13:07:35.734Z] >>> [apiv2][query] GET https://storage.googleapis.com/firebase-preview-drop/emulator/firebase-database-emulator-v4.7.2.jar 
[debug] [2021-04-21T13:07:36.998Z] <<< [apiv2][status] GET https://storage.googleapis.com/firebase-preview-drop/emulator/firebase-database-emulator-v4.7.2.jar 200
[debug] [2021-04-21T13:07:36.998Z] <<< [apiv2][body] GET https://storage.googleapis.com/firebase-preview-drop/emulator/firebase-database-emulator-v4.7.2.jar [stream]
[debug] [2021-04-21T13:07:46.882Z] Ignoring unsupported arg: projectId {"metadata":{"emulator":{"name":"database"},"message":"Ignoring unsupported arg: projectId"}}
[debug] [2021-04-21T13:07:46.883Z] Ignoring unsupported arg: auto_download {"metadata":{"emulator":{"name":"database"},"message":"Ignoring unsupported arg: auto_download"}}
[debug] [2021-04-21T13:07:46.883Z] Ignoring unsupported arg: rules {"metadata":{"emulator":{"name":"database"},"message":"Ignoring unsupported arg: rules"}}
[debug] [2021-04-21T13:07:46.883Z] Starting Database Emulator with command {"binary":"java","args":["-Duser.language=en","-jar","/Users/Jipeng/.cache/firebase/emulators/firebase-database-emulator-v4.7.2.jar","--host","localhost","--port",9000],"optionalArgs":["port","host","functions_emulator_port","functions_emulator_host"],"joinArgs":false} {"metadata":{"emulator":{"name":"database"},"message":"Starting Database Emulator with command {\"binary\":\"java\",\"args\":[\"-Duser.language=en\",\"-jar\",\"/Users/Jipeng/.cache/firebase/emulators/firebase-database-emulator-v4.7.2.jar\",\"--host\",\"localhost\",\"--port\",9000],\"optionalArgs\":[\"port\",\"host\",\"functions_emulator_port\",\"functions_emulator_host\"],\"joinArgs\":false}"}}
[info] i  database: Database Emulator logging to database-debug.log {"metadata":{"emulator":{"name":"database"},"message":"Database Emulator logging to \u001b[1mdatabase-debug.log\u001b[22m"}}
[debug] [2021-04-21T13:07:49.302Z] 21:07:49.300 [NamespaceSystem-akka.actor.default-dispatcher-5] INFO akka.event.slf4j.Slf4jLogger - Slf4jLogger started
 {"metadata":{"emulator":{"name":"database"},"message":"21:07:49.300 [NamespaceSystem-akka.actor.default-dispatcher-5] INFO akka.event.slf4j.Slf4jLogger - Slf4jLogger started\n"}}
[debug] [2021-04-21T13:07:49.416Z] 21:07:49.416 [main] INFO com.firebase.server.forge.App$ - Listening at localhost:9000
 {"metadata":{"emulator":{"name":"database"},"message":"21:07:49.416 [main] INFO com.firebase.server.forge.App$ - Listening at localhost:9000\n"}}
[debug] [2021-04-21T13:07:49.702Z] >>> [apiv2][query] GET https://firebase.googleapis.com/v1beta1/projects/coursescheduler-faaa2/webApps/-/config [none]
[debug] [2021-04-21T13:07:51.053Z] <<< [apiv2][status] GET https://firebase.googleapis.com/v1beta1/projects/coursescheduler-faaa2/webApps/-/config 200
[debug] [2021-04-21T13:07:51.054Z] <<< [apiv2][body] GET https://firebase.googleapis.com/v1beta1/projects/coursescheduler-faaa2/webApps/-/config {"projectId":"coursescheduler-faaa2","appId":"1:751974336378:web:3566a3370d6786d503f8c3","databaseURL":"https://coursescheduler-faaa2-default-rtdb.firebaseio.com","storageBucket":"coursescheduler-faaa2.appspot.com","apiKey":"AIzaSyAXHWl5sPCzsNBSeTco_ZZ5x2vzytBx2Wc","authDomain":"coursescheduler-faaa2.firebaseapp.com","messagingSenderId":"751974336378","measurementId":"G-99BTQQWGCY"}
[info] i  hosting: Serving hosting files from: build {"metadata":{"emulator":{"name":"hosting"},"message":"Serving hosting files from: \u001b[1mbuild\u001b[22m"}}
[info] ✔  hosting: Local server: http://localhost:5000 {"metadata":{"emulator":{"name":"hosting"},"message":"Local server: \u001b[4m\u001b[1mhttp://localhost:5000\u001b[22m\u001b[24m"}}
[info] i  ui: downloading ui-v1.4.2.zip... {"metadata":{"emulator":{"name":"ui"},"message":"downloading ui-v1.4.2.zip..."}}
[debug] [2021-04-21T13:07:51.369Z] >>> [apiv2][query] GET https://storage.googleapis.com/firebase-preview-drop/emulator/ui-v1.4.2.zip 
[debug] [2021-04-21T13:07:52.280Z] <<< [apiv2][status] GET https://storage.googleapis.com/firebase-preview-drop/emulator/ui-v1.4.2.zip 200
[debug] [2021-04-21T13:07:52.281Z] <<< [apiv2][body] GET https://storage.googleapis.com/firebase-preview-drop/emulator/ui-v1.4.2.zip [stream]
[debug] [2021-04-21T13:07:55.312Z] Ignoring unsupported arg: auto_download {"metadata":{"emulator":{"name":"ui"},"message":"Ignoring unsupported arg: auto_download"}}
[debug] [2021-04-21T13:07:55.312Z] Ignoring unsupported arg: port {"metadata":{"emulator":{"name":"ui"},"message":"Ignoring unsupported arg: port"}}
[debug] [2021-04-21T13:07:55.312Z] Starting Emulator UI with command {"binary":"node","args":["/Users/Jipeng/.cache/firebase/emulators/ui-v1.4.2/server.bundle.js"],"optionalArgs":[],"joinArgs":false} {"metadata":{"emulator":{"name":"ui"},"message":"Starting Emulator UI with command {\"binary\":\"node\",\"args\":[\"/Users/Jipeng/.cache/firebase/emulators/ui-v1.4.2/server.bundle.js\"],\"optionalArgs\":[],\"joinArgs\":false}"}}
[info] i  ui: Emulator UI logging to ui-debug.log {"metadata":{"emulator":{"name":"ui"},"message":"Emulator UI logging to \u001b[1mui-debug.log\u001b[22m"}}
[debug] [2021-04-21T13:07:55.406Z] Web / API server started at http://localhost:4000
 {"metadata":{"emulator":{"name":"ui"},"message":"Web / API server started at http://localhost:4000\n"}}
[debug] [2021-04-21T13:07:55.573Z] >>> HTTP REQUEST PUT http://localhost:9000/.settings/rules.json?ns=coursescheduler-faaa2-default-rtdb  
 {
  "rules": {
    ".read": "now < 1621526400000",  // 2021-5-21
    ".write": "now < 1621526400000",  // 2021-5-21
  }
}
[debug] [2021-04-21T13:07:56.070Z] <<< HTTP RESPONSE 200 {"content-length":"15","content-type":"application/json; charset=utf-8","access-control-allow-origin":"*","cache-control":"no-cache","x-firebase-project-id":"coursescheduler-faaa2-default-rtdb","x-firebase-project-number":"123456789","x-firebase-uuid":"4de71e91-1dc5-4bc9-a0e0-d9e23aa99f23"}
[info] 
┌─────────────────────────────────────────────────────────────┐
│ ✔  All emulators ready! It is now safe to connect your app. │
│ i  View Emulator UI at http://localhost:4000                │
└─────────────────────────────────────────────────────────────┘

┌──────────┬────────────────┬────────────────────────────────┐
│ Emulator │ Host:Port      │ View in Emulator UI            │
├──────────┼────────────────┼────────────────────────────────┤
│ Database │ localhost:9000 │ http://localhost:4000/database │
├──────────┼────────────────┼────────────────────────────────┤
│ Hosting  │ localhost:5000 │ n/a                            │
└──────────┴────────────────┴────────────────────────────────┘
  Emulator Hub running at localhost:4400
  Other reserved ports: 4500

Issues? Report them at https://github.com/firebase/firebase-tools/issues and attach the *-debug.log files.
 
